<?xml version="1.0" encoding="UTF-8"?>
<!-- Generated by org.testng.reporters.JUnitReportReporter -->
<testsuite hostname="Prasad" failures="0" tests="2" name="tests.getpost" time="4.164" errors="0" timestamp="2025-06-05T21:58:33 IST" skipped="0">
  <testcase classname="tests.getpost" name="get" time="3.671"/>
  <testcase classname="tests.getpost" name="testpost" time="0.493"/>
</testsuite> <!-- tests.getpost -->
