<?xml version="1.0" encoding="UTF-8"?>
<!-- Generated by org.testng.reporters.JUnitReportReporter -->
<testsuite hostname="Prasad" failures="0" tests="3" name="tests.putpatch" time="3.684" errors="0" timestamp="2025-06-05T22:29:07 IST" skipped="0">
  <testcase classname="tests.putpatch" name="testDelete" time="2.734"/>
  <testcase classname="tests.putpatch" name="testput" time="0.473"/>
  <testcase classname="tests.putpatch" name="testpatch" time="0.477"/>
</testsuite> <!-- tests.putpatch -->
